<?xml version="1.0" encoding="UTF-8"?>
<!-- Generated by org.testng.reporters.JUnitReportReporter -->
<testsuite hostname="RLP2095" failures="0" tests="2" name="com.lms.test.SeleniumUpdateTest" time="5.707" errors="0" timestamp="2024-01-14T21:31:13 IST" skipped="0">
  <testcase classname="com.lms.test.SeleniumUpdateTest" name="loadGooglePage" time="5.379"/>
  <system-out/>
  <testcase classname="com.lms.test.SeleniumUpdateTest" name="update" time="0.328"/>
  <system-out/>
</testsuite> <!-- com.lms.test.SeleniumUpdateTest -->
